<?xml version="1.0" encoding="UTF-8"?>
<testng-results ignored="0" total="1" passed="1" failed="0" skipped="0">
  <reporter-output>
  </reporter-output>
  <suite started-at="2023-01-27T19:34:52 IST" name="Default suite" finished-at="2023-01-27T19:35:18 IST" duration-ms="25749">
    <groups>
    </groups>
    <test started-at="2023-01-27T19:34:52 IST" name="Default test" finished-at="2023-01-27T19:35:18 IST" duration-ms="25749">
      <class name="testPackage.ActiTimeTestValidLogin">
        <test-method is-config="true" signature="setUp()[pri:0, instance:testPackage.ActiTimeTestValidLogin@53976f5c]" started-at="2023-01-27T19:34:52 IST" name="setUp" finished-at="2023-01-27T19:35:12 IST" duration-ms="19762" status="PASS">
          <reporter-output>
          </reporter-output>
        </test-method> <!-- setUp -->
        <test-method signature="validTest()[pri:0, instance:testPackage.ActiTimeTestValidLogin@53976f5c]" started-at="2023-01-27T19:35:12 IST" name="validTest" finished-at="2023-01-27T19:35:17 IST" duration-ms="4782" status="PASS">
          <reporter-output>
          </reporter-output>
        </test-method> <!-- validTest -->
        <test-method is-config="true" signature="tearDown()[pri:0, instance:testPackage.ActiTimeTestValidLogin@53976f5c]" started-at="2023-01-27T19:35:17 IST" name="tearDown" finished-at="2023-01-27T19:35:18 IST" duration-ms="1119" status="PASS">
          <reporter-output>
          </reporter-output>
        </test-method> <!-- tearDown -->
      </class> <!-- testPackage.ActiTimeTestValidLogin -->
    </test> <!-- Default test -->
  </suite> <!-- Default suite -->
</testng-results>
